DEPRECATION WARNING: You didn't set config.secret_key_base. Read the upgrade documentation to learn more about this new config option. (called from service at C:/RailsInstaller/Ruby1.9.3/lib/ruby/1.9.1/webrick/httpserver.rb:138)


Started GET "/" for 127.0.0.1 at 2013-09-06 18:08:46 +0700
Processing by BrowseController#home as HTML
Completed 500 Internal Server Error in 4ms

RuntimeError (`attr_accessible` is extracted out of Rails into a gem. Please use new recommended protection model for params(strong_parameters) or add `protected_attributes` to your Gemfile to use old one.):
  app/models/scribble.rb:2:in `<class:Scribble>'
  app/models/scribble.rb:1:in `<top (required)>'
  app/controllers/browse_controller.rb:28:in `update_scribblestreams'


  Rendered C:/RailsInstaller/Ruby1.9.3/lib/ruby/gems/1.9.1/gems/actionpack-4.0.0/lib/action_dispatch/middleware/templates/rescues/_source.erb (1.0ms)
  Rendered C:/RailsInstaller/Ruby1.9.3/lib/ruby/gems/1.9.1/gems/actionpack-4.0.0/lib/action_dispatch/middleware/templates/rescues/_trace.erb (1.0ms)
  Rendered C:/RailsInstaller/Ruby1.9.3/lib/ruby/gems/1.9.1/gems/actionpack-4.0.0/lib/action_dispatch/middleware/templates/rescues/_request_and_response.erb (1.0ms)
  Rendered C:/RailsInstaller/Ruby1.9.3/lib/ruby/gems/1.9.1/gems/actionpack-4.0.0/lib/action_dispatch/middleware/templates/rescues/diagnostics.erb within rescues/layout (35.0ms)


Started GET "/" for 127.0.0.1 at 2013-09-06 18:08:47 +0700
Processing by BrowseController#home as HTML
Completed 500 Internal Server Error in 5ms

RuntimeError (`attr_accessible` is extracted out of Rails into a gem. Please use new recommended protection model for params(strong_parameters) or add `protected_attributes` to your Gemfile to use old one.):
  app/models/scribble.rb:2:in `<class:Scribble>'
  app/models/scribble.rb:1:in `<top (required)>'
  app/controllers/browse_controller.rb:28:in `update_scribblestreams'


  Rendered C:/RailsInstaller/Ruby1.9.3/lib/ruby/gems/1.9.1/gems/actionpack-4.0.0/lib/action_dispatch/middleware/templates/rescues/_source.erb (1.0ms)
  Rendered C:/RailsInstaller/Ruby1.9.3/lib/ruby/gems/1.9.1/gems/actionpack-4.0.0/lib/action_dispatch/middleware/templates/rescues/_trace.erb (1.0ms)
  Rendered C:/RailsInstaller/Ruby1.9.3/lib/ruby/gems/1.9.1/gems/actionpack-4.0.0/lib/action_dispatch/middleware/templates/rescues/_request_and_response.erb (0.0ms)
  Rendered C:/RailsInstaller/Ruby1.9.3/lib/ruby/gems/1.9.1/gems/actionpack-4.0.0/lib/action_dispatch/middleware/templates/rescues/diagnostics.erb within rescues/layout (39.0ms)


Started GET "/refresh" for 127.0.0.1 at 2013-09-06 18:08:50 +0700
Processing by BrowseController#refreshscribbles as */*
Completed 500 Internal Server Error in 3ms

RuntimeError (`attr_accessible` is extracted out of Rails into a gem. Please use new recommended protection model for params(strong_parameters) or add `protected_attributes` to your Gemfile to use old one.):
  app/models/scribble.rb:2:in `<class:Scribble>'
  app/models/scribble.rb:1:in `<top (required)>'
  app/controllers/browse_controller.rb:28:in `update_scribblestreams'


  Rendered C:/RailsInstaller/Ruby1.9.3/lib/ruby/gems/1.9.1/gems/actionpack-4.0.0/lib/action_dispatch/middleware/templates/rescues/_source.erb (0.0ms)
  Rendered C:/RailsInstaller/Ruby1.9.3/lib/ruby/gems/1.9.1/gems/actionpack-4.0.0/lib/action_dispatch/middleware/templates/rescues/_trace.erb (1.0ms)
  Rendered C:/RailsInstaller/Ruby1.9.3/lib/ruby/gems/1.9.1/gems/actionpack-4.0.0/lib/action_dispatch/middleware/templates/rescues/_request_and_response.erb (1.0ms)
  Rendered C:/RailsInstaller/Ruby1.9.3/lib/ruby/gems/1.9.1/gems/actionpack-4.0.0/lib/action_dispatch/middleware/templates/rescues/diagnostics.erb within rescues/layout (30.0ms)
DEPRECATION WARNING: You didn't set config.secret_key_base. Read the upgrade documentation to learn more about this new config option. (called from service at C:/RailsInstaller/Ruby1.9.3/lib/ruby/1.9.1/webrick/httpserver.rb:138)


Started GET "/" for 127.0.0.1 at 2013-09-06 18:09:48 +0700
Processing by BrowseController#home as HTML
DEPRECATION WARNING: Relation#all is deprecated. If you want to eager-load a relation, you can call #load (e.g. `Post.where(published: true).load`). If you want to get an array of records from a relation, you can call #to_a (e.g. `Post.where(published: true).to_a`). (called from update_scribblestreams at C:/Sites/chulabook/app/controllers/browse_controller.rb:28)
  [1m[36mScribble Load (1.0ms)[0m  [1mSELECT "scribbles".* FROM "scribbles" ORDER BY created_at DESC[0m
SQLite3::SQLException: no such table: scribbles: SELECT "scribbles".* FROM "scribbles"   ORDER BY created_at DESC
Completed 500 Internal Server Error in 11ms

ActiveRecord::StatementInvalid (SQLite3::SQLException: no such table: scribbles: SELECT "scribbles".* FROM "scribbles"   ORDER BY created_at DESC):
  app/controllers/browse_controller.rb:28:in `update_scribblestreams'


  Rendered C:/RailsInstaller/Ruby1.9.3/lib/ruby/gems/1.9.1/gems/actionpack-4.0.0/lib/action_dispatch/middleware/templates/rescues/_source.erb (1.0ms)
  Rendered C:/RailsInstaller/Ruby1.9.3/lib/ruby/gems/1.9.1/gems/actionpack-4.0.0/lib/action_dispatch/middleware/templates/rescues/_trace.erb (2.0ms)
  Rendered C:/RailsInstaller/Ruby1.9.3/lib/ruby/gems/1.9.1/gems/actionpack-4.0.0/lib/action_dispatch/middleware/templates/rescues/_request_and_response.erb (1.0ms)
  Rendered C:/RailsInstaller/Ruby1.9.3/lib/ruby/gems/1.9.1/gems/actionpack-4.0.0/lib/action_dispatch/middleware/templates/rescues/diagnostics.erb within rescues/layout (47.0ms)


Started GET "/refresh" for 127.0.0.1 at 2013-09-06 18:09:51 +0700
Processing by BrowseController#refreshscribbles as */*
DEPRECATION WARNING: Relation#all is deprecated. If you want to eager-load a relation, you can call #load (e.g. `Post.where(published: true).load`). If you want to get an array of records from a relation, you can call #to_a (e.g. `Post.where(published: true).to_a`). (called from update_scribblestreams at C:/Sites/chulabook/app/controllers/browse_controller.rb:28)
  [1m[35mScribble Load (0.0ms)[0m  SELECT "scribbles".* FROM "scribbles" ORDER BY created_at DESC
SQLite3::SQLException: no such table: scribbles: SELECT "scribbles".* FROM "scribbles"   ORDER BY created_at DESC
Completed 500 Internal Server Error in 3ms

ActiveRecord::StatementInvalid (SQLite3::SQLException: no such table: scribbles: SELECT "scribbles".* FROM "scribbles"   ORDER BY created_at DESC):
  app/controllers/browse_controller.rb:28:in `update_scribblestreams'


  Rendered C:/RailsInstaller/Ruby1.9.3/lib/ruby/gems/1.9.1/gems/actionpack-4.0.0/lib/action_dispatch/middleware/templates/rescues/_source.erb (1.0ms)
  Rendered C:/RailsInstaller/Ruby1.9.3/lib/ruby/gems/1.9.1/gems/actionpack-4.0.0/lib/action_dispatch/middleware/templates/rescues/_trace.erb (1.0ms)
  Rendered C:/RailsInstaller/Ruby1.9.3/lib/ruby/gems/1.9.1/gems/actionpack-4.0.0/lib/action_dispatch/middleware/templates/rescues/_request_and_response.erb (0.0ms)
  Rendered C:/RailsInstaller/Ruby1.9.3/lib/ruby/gems/1.9.1/gems/actionpack-4.0.0/lib/action_dispatch/middleware/templates/rescues/diagnostics.erb within rescues/layout (40.1ms)


Started GET "/" for 127.0.0.1 at 2013-09-06 18:10:05 +0700
Processing by BrowseController#home as HTML
DEPRECATION WARNING: Relation#all is deprecated. If you want to eager-load a relation, you can call #load (e.g. `Post.where(published: true).load`). If you want to get an array of records from a relation, you can call #to_a (e.g. `Post.where(published: true).to_a`). (called from update_scribblestreams at C:/Sites/chulabook/app/controllers/browse_controller.rb:28)
  [1m[36mScribble Load (0.0ms)[0m  [1mSELECT "scribbles".* FROM "scribbles" ORDER BY created_at DESC[0m
SQLite3::SQLException: no such table: scribbles: SELECT "scribbles".* FROM "scribbles"   ORDER BY created_at DESC
Completed 500 Internal Server Error in 2ms

ActiveRecord::StatementInvalid (SQLite3::SQLException: no such table: scribbles: SELECT "scribbles".* FROM "scribbles"   ORDER BY created_at DESC):
  app/controllers/browse_controller.rb:28:in `update_scribblestreams'


  Rendered C:/RailsInstaller/Ruby1.9.3/lib/ruby/gems/1.9.1/gems/actionpack-4.0.0/lib/action_dispatch/middleware/templates/rescues/_source.erb (1.0ms)
  Rendered C:/RailsInstaller/Ruby1.9.3/lib/ruby/gems/1.9.1/gems/actionpack-4.0.0/lib/action_dispatch/middleware/templates/rescues/_trace.erb (1.0ms)
  Rendered C:/RailsInstaller/Ruby1.9.3/lib/ruby/gems/1.9.1/gems/actionpack-4.0.0/lib/action_dispatch/middleware/templates/rescues/_request_and_response.erb (0.0ms)
  Rendered C:/RailsInstaller/Ruby1.9.3/lib/ruby/gems/1.9.1/gems/actionpack-4.0.0/lib/action_dispatch/middleware/templates/rescues/diagnostics.erb within rescues/layout (28.8ms)
  [1m[36m (211.5ms)[0m  [1mCREATE TABLE "schema_migrations" ("version" varchar(255) NOT NULL) [0m
  [1m[35m (121.6ms)[0m  CREATE UNIQUE INDEX "unique_schema_migrations" ON "schema_migrations" ("version")
  [1m[36mActiveRecord::SchemaMigration Load (0.0ms)[0m  [1mSELECT "schema_migrations".* FROM "schema_migrations"[0m
Migrating to CreateUsers (20121029060215)
  [1m[35m (0.0ms)[0m  begin transaction
  [1m[36m (1.0ms)[0m  [1mCREATE TABLE "users" ("id" INTEGER PRIMARY KEY AUTOINCREMENT NOT NULL, "first_name" varchar(255), "last_name" varchar(255), "email" varchar(255), "password_hash" varchar(255), "password_salt" varchar(255), "created_at" datetime, "updated_at" datetime) [0m
  [1m[35mSQL (0.0ms)[0m  INSERT INTO "schema_migrations" ("version") VALUES (?)  [["version", "20121029060215"]]
  [1m[36m (96.9ms)[0m  [1mcommit transaction[0m
Migrating to CreateScribbles (20121030073538)
  [1m[35m (0.0ms)[0m  begin transaction
  [1m[36m (1.0ms)[0m  [1mCREATE TABLE "scribbles" ("id" INTEGER PRIMARY KEY AUTOINCREMENT NOT NULL, "post" varchar(255), "posted_by" varchar(255), "posted_by_uid" integer, "created_at" datetime, "updated_at" datetime) [0m
  [1m[35mSQL (0.0ms)[0m  INSERT INTO "schema_migrations" ("version") VALUES (?)  [["version", "20121030073538"]]
  [1m[36m (129.0ms)[0m  [1mcommit transaction[0m
Migrating to AddUpsAndDownsToScribble (20121031064622)
  [1m[35m (0.0ms)[0m  begin transaction
  [1m[36m (1.0ms)[0m  [1mALTER TABLE "scribbles" ADD "ups" integer[0m
  [1m[35m (1.0ms)[0m  ALTER TABLE "scribbles" ADD "downs" integer
  [1m[36mSQL (0.0ms)[0m  [1mINSERT INTO "schema_migrations" ("version") VALUES (?)[0m  [["version", "20121031064622"]]
  [1m[35m (105.6ms)[0m  commit transaction
  [1m[36mActiveRecord::SchemaMigration Load (1.0ms)[0m  [1mSELECT "schema_migrations".* FROM "schema_migrations"[0m
DEPRECATION WARNING: You didn't set config.secret_key_base. Read the upgrade documentation to learn more about this new config option. (called from service at C:/RailsInstaller/Ruby1.9.3/lib/ruby/1.9.1/webrick/httpserver.rb:138)


Started GET "/refresh" for 127.0.0.1 at 2013-09-06 18:11:53 +0700
Processing by BrowseController#refreshscribbles as */*
DEPRECATION WARNING: Relation#all is deprecated. If you want to eager-load a relation, you can call #load (e.g. `Post.where(published: true).load`). If you want to get an array of records from a relation, you can call #to_a (e.g. `Post.where(published: true).to_a`). (called from update_scribblestreams at C:/Sites/chulabook/app/controllers/browse_controller.rb:28)
  [1m[36mScribble Load (0.0ms)[0m  [1mSELECT "scribbles".* FROM "scribbles" ORDER BY created_at DESC[0m
  Rendered browse/_scribbles.html.erb (4.0ms)
Completed 200 OK in 37ms (Views: 27.0ms | ActiveRecord: 5.2ms)


Started GET "/" for 127.0.0.1 at 2013-09-06 18:12:09 +0700
Processing by BrowseController#home as HTML
DEPRECATION WARNING: Relation#all is deprecated. If you want to eager-load a relation, you can call #load (e.g. `Post.where(published: true).load`). If you want to get an array of records from a relation, you can call #to_a (e.g. `Post.where(published: true).to_a`). (called from update_scribblestreams at C:/Sites/chulabook/app/controllers/browse_controller.rb:28)
  [1m[35mScribble Load (0.0ms)[0m  SELECT "scribbles".* FROM "scribbles" ORDER BY created_at DESC
  Rendered browse/home.html.erb within layouts/application (1.0ms)
  Rendered sessions/_new.html.erb (1.0ms)
  Rendered users/_new.html.erb (55.0ms)
Completed 200 OK in 994ms (Views: 991.2ms | ActiveRecord: 1.0ms)


Started GET "/assets/jquery.js?body=1" for 127.0.0.1 at 2013-09-06 18:12:11 +0700


Started GET "/assets/jquery.ui.core.css?body=1" for 127.0.0.1 at 2013-09-06 18:12:11 +0700


Started GET "/assets/application.css?body=1" for 127.0.0.1 at 2013-09-06 18:12:11 +0700


Started GET "/assets/bootstrap.js?body=1" for 127.0.0.1 at 2013-09-06 18:12:11 +0700


Started GET "/assets/jquery.ui.accordion.css?body=1" for 127.0.0.1 at 2013-09-06 18:12:11 +0700


Started GET "/assets/jquery.ui.theme.css?body=1" for 127.0.0.1 at 2013-09-06 18:12:11 +0700


Started GET "/assets/jquery.ui.menu.css?body=1" for 127.0.0.1 at 2013-09-06 18:12:11 +0700


Started GET "/assets/jquery.ui.autocomplete.css?body=1" for 127.0.0.1 at 2013-09-06 18:12:11 +0700


Started GET "/assets/jquery.ui.button.css?body=1" for 127.0.0.1 at 2013-09-06 18:12:11 +0700


Started GET "/assets/jquery.ui.datepicker.css?body=1" for 127.0.0.1 at 2013-09-06 18:12:11 +0700


Started GET "/assets/jquery.ui.resizable.css?body=1" for 127.0.0.1 at 2013-09-06 18:12:11 +0700


Started GET "/assets/jquery.ui.dialog.css?body=1" for 127.0.0.1 at 2013-09-06 18:12:11 +0700


Started GET "/assets/jquery.ui.progressbar.css?body=1" for 127.0.0.1 at 2013-09-06 18:12:11 +0700


Started GET "/assets/jquery.ui.selectable.css?body=1" for 127.0.0.1 at 2013-09-06 18:12:11 +0700


Started GET "/assets/jquery.ui.slider.css?body=1" for 127.0.0.1 at 2013-09-06 18:12:11 +0700


Started GET "/assets/jquery.ui.spinner.css?body=1" for 127.0.0.1 at 2013-09-06 18:12:11 +0700


Started GET "/assets/jquery.ui.tabs.css?body=1" for 127.0.0.1 at 2013-09-06 18:12:11 +0700


Started GET "/assets/jquery.ui.tooltip.css?body=1" for 127.0.0.1 at 2013-09-06 18:12:11 +0700


Started GET "/assets/jquery.ui.base.css?body=1" for 127.0.0.1 at 2013-09-06 18:12:12 +0700


Started GET "/assets/jquery.ui.all.css?body=1" for 127.0.0.1 at 2013-09-06 18:12:12 +0700


Started GET "/assets/twitter-bootstrap-static/bootstrap.css?body=1" for 127.0.0.1 at 2013-09-06 18:12:12 +0700


Started GET "/assets/twitter-bootstrap-static/fontawesome.css?body=1" for 127.0.0.1 at 2013-09-06 18:12:12 +0700


Started GET "/assets/bootstrap_and_overrides.css?body=1" for 127.0.0.1 at 2013-09-06 18:12:12 +0700


Started GET "/assets/flat-ui.css?body=1" for 127.0.0.1 at 2013-09-06 18:12:12 +0700


Started GET "/refresh" for 127.0.0.1 at 2013-09-06 18:12:53 +0700
Processing by BrowseController#refreshscribbles as */*
DEPRECATION WARNING: Relation#all is deprecated. If you want to eager-load a relation, you can call #load (e.g. `Post.where(published: true).load`). If you want to get an array of records from a relation, you can call #to_a (e.g. `Post.where(published: true).to_a`). (called from update_scribblestreams at C:/Sites/chulabook/app/controllers/browse_controller.rb:28)
  [1m[36mScribble Load (1.0ms)[0m  [1mSELECT "scribbles".* FROM "scribbles" ORDER BY created_at DESC[0m
  Rendered browse/_scribbles.html.erb (0.0ms)
Completed 200 OK in 9ms (Views: 7.0ms | ActiveRecord: 1.0ms)


Started GET "/refresh" for 127.0.0.1 at 2013-09-06 18:13:12 +0700
Processing by BrowseController#refreshscribbles as */*
DEPRECATION WARNING: Relation#all is deprecated. If you want to eager-load a relation, you can call #load (e.g. `Post.where(published: true).load`). If you want to get an array of records from a relation, you can call #to_a (e.g. `Post.where(published: true).to_a`). (called from update_scribblestreams at C:/Sites/chulabook/app/controllers/browse_controller.rb:28)
  [1m[35mScribble Load (0.0ms)[0m  SELECT "scribbles".* FROM "scribbles" ORDER BY created_at DESC
  Rendered browse/_scribbles.html.erb (0.0ms)
Completed 200 OK in 9ms (Views: 7.0ms | ActiveRecord: 0.0ms)


Started GET "/refresh" for 127.0.0.1 at 2013-09-06 18:13:54 +0700
Processing by BrowseController#refreshscribbles as */*
DEPRECATION WARNING: Relation#all is deprecated. If you want to eager-load a relation, you can call #load (e.g. `Post.where(published: true).load`). If you want to get an array of records from a relation, you can call #to_a (e.g. `Post.where(published: true).to_a`). (called from update_scribblestreams at C:/Sites/chulabook/app/controllers/browse_controller.rb:28)
  [1m[36mScribble Load (0.0ms)[0m  [1mSELECT "scribbles".* FROM "scribbles" ORDER BY created_at DESC[0m
  Rendered browse/_scribbles.html.erb (0.0ms)
Completed 200 OK in 9ms (Views: 7.0ms | ActiveRecord: 0.0ms)


Started GET "/refresh" for 127.0.0.1 at 2013-09-06 18:14:13 +0700
Processing by BrowseController#refreshscribbles as */*
DEPRECATION WARNING: Relation#all is deprecated. If you want to eager-load a relation, you can call #load (e.g. `Post.where(published: true).load`). If you want to get an array of records from a relation, you can call #to_a (e.g. `Post.where(published: true).to_a`). (called from update_scribblestreams at C:/Sites/chulabook/app/controllers/browse_controller.rb:28)
  [1m[35mScribble Load (0.0ms)[0m  SELECT "scribbles".* FROM "scribbles" ORDER BY created_at DESC
  Rendered browse/_scribbles.html.erb (0.0ms)
Completed 200 OK in 9ms (Views: 7.0ms | ActiveRecord: 0.0ms)


Started GET "/refresh" for 127.0.0.1 at 2013-09-06 18:14:55 +0700
Processing by BrowseController#refreshscribbles as */*
DEPRECATION WARNING: Relation#all is deprecated. If you want to eager-load a relation, you can call #load (e.g. `Post.where(published: true).load`). If you want to get an array of records from a relation, you can call #to_a (e.g. `Post.where(published: true).to_a`). (called from update_scribblestreams at C:/Sites/chulabook/app/controllers/browse_controller.rb:28)
  [1m[36mScribble Load (0.0ms)[0m  [1mSELECT "scribbles".* FROM "scribbles" ORDER BY created_at DESC[0m
  Rendered browse/_scribbles.html.erb (0.0ms)
Completed 200 OK in 9ms (Views: 7.3ms | ActiveRecord: 0.0ms)


Started GET "/refresh" for 127.0.0.1 at 2013-09-06 18:15:14 +0700
Processing by BrowseController#refreshscribbles as */*
DEPRECATION WARNING: Relation#all is deprecated. If you want to eager-load a relation, you can call #load (e.g. `Post.where(published: true).load`). If you want to get an array of records from a relation, you can call #to_a (e.g. `Post.where(published: true).to_a`). (called from update_scribblestreams at C:/Sites/chulabook/app/controllers/browse_controller.rb:28)
  [1m[35mScribble Load (0.0ms)[0m  SELECT "scribbles".* FROM "scribbles" ORDER BY created_at DESC
  Rendered browse/_scribbles.html.erb (0.0ms)
Completed 200 OK in 9ms (Views: 6.9ms | ActiveRecord: 0.0ms)


Started GET "/refresh" for 127.0.0.1 at 2013-09-06 18:15:56 +0700
Processing by BrowseController#refreshscribbles as */*
DEPRECATION WARNING: Relation#all is deprecated. If you want to eager-load a relation, you can call #load (e.g. `Post.where(published: true).load`). If you want to get an array of records from a relation, you can call #to_a (e.g. `Post.where(published: true).to_a`). (called from update_scribblestreams at C:/Sites/chulabook/app/controllers/browse_controller.rb:28)
  [1m[36mScribble Load (0.0ms)[0m  [1mSELECT "scribbles".* FROM "scribbles" ORDER BY created_at DESC[0m
  Rendered browse/_scribbles.html.erb (0.0ms)
Completed 200 OK in 9ms (Views: 7.0ms | ActiveRecord: 0.0ms)


Started GET "/refresh" for 127.0.0.1 at 2013-09-06 18:16:15 +0700
Processing by BrowseController#refreshscribbles as */*
DEPRECATION WARNING: Relation#all is deprecated. If you want to eager-load a relation, you can call #load (e.g. `Post.where(published: true).load`). If you want to get an array of records from a relation, you can call #to_a (e.g. `Post.where(published: true).to_a`). (called from update_scribblestreams at C:/Sites/chulabook/app/controllers/browse_controller.rb:28)
  [1m[35mScribble Load (0.0ms)[0m  SELECT "scribbles".* FROM "scribbles" ORDER BY created_at DESC
  Rendered browse/_scribbles.html.erb (0.0ms)
Completed 200 OK in 9ms (Views: 7.0ms | ActiveRecord: 0.0ms)


Started GET "/refresh" for 127.0.0.1 at 2013-09-06 18:16:56 +0700
Processing by BrowseController#refreshscribbles as */*
DEPRECATION WARNING: Relation#all is deprecated. If you want to eager-load a relation, you can call #load (e.g. `Post.where(published: true).load`). If you want to get an array of records from a relation, you can call #to_a (e.g. `Post.where(published: true).to_a`). (called from update_scribblestreams at C:/Sites/chulabook/app/controllers/browse_controller.rb:28)
  [1m[36mScribble Load (0.0ms)[0m  [1mSELECT "scribbles".* FROM "scribbles" ORDER BY created_at DESC[0m
  Rendered browse/_scribbles.html.erb (0.0ms)
Completed 200 OK in 9ms (Views: 7.0ms | ActiveRecord: 0.0ms)


Started GET "/refresh" for 127.0.0.1 at 2013-09-06 18:17:15 +0700
Processing by BrowseController#refreshscribbles as */*
DEPRECATION WARNING: Relation#all is deprecated. If you want to eager-load a relation, you can call #load (e.g. `Post.where(published: true).load`). If you want to get an array of records from a relation, you can call #to_a (e.g. `Post.where(published: true).to_a`). (called from update_scribblestreams at C:/Sites/chulabook/app/controllers/browse_controller.rb:28)
  [1m[35mScribble Load (0.0ms)[0m  SELECT "scribbles".* FROM "scribbles" ORDER BY created_at DESC
  Rendered browse/_scribbles.html.erb (0.0ms)
Completed 200 OK in 9ms (Views: 7.0ms | ActiveRecord: 0.0ms)


Started GET "/refresh" for 127.0.0.1 at 2013-09-06 18:17:57 +0700
Processing by BrowseController#refreshscribbles as */*
DEPRECATION WARNING: Relation#all is deprecated. If you want to eager-load a relation, you can call #load (e.g. `Post.where(published: true).load`). If you want to get an array of records from a relation, you can call #to_a (e.g. `Post.where(published: true).to_a`). (called from update_scribblestreams at C:/Sites/chulabook/app/controllers/browse_controller.rb:28)
  [1m[36mScribble Load (0.0ms)[0m  [1mSELECT "scribbles".* FROM "scribbles" ORDER BY created_at DESC[0m
  Rendered browse/_scribbles.html.erb (0.0ms)
Completed 200 OK in 9ms (Views: 7.0ms | ActiveRecord: 0.0ms)


Started GET "/refresh" for 127.0.0.1 at 2013-09-06 18:18:16 +0700
Processing by BrowseController#refreshscribbles as */*
DEPRECATION WARNING: Relation#all is deprecated. If you want to eager-load a relation, you can call #load (e.g. `Post.where(published: true).load`). If you want to get an array of records from a relation, you can call #to_a (e.g. `Post.where(published: true).to_a`). (called from update_scribblestreams at C:/Sites/chulabook/app/controllers/browse_controller.rb:28)
  [1m[35mScribble Load (0.0ms)[0m  SELECT "scribbles".* FROM "scribbles" ORDER BY created_at DESC
  Rendered browse/_scribbles.html.erb (0.0ms)
Completed 200 OK in 9ms (Views: 7.8ms | ActiveRecord: 0.0ms)


Started GET "/refresh" for 127.0.0.1 at 2013-09-06 18:18:58 +0700
Processing by BrowseController#refreshscribbles as */*
DEPRECATION WARNING: Relation#all is deprecated. If you want to eager-load a relation, you can call #load (e.g. `Post.where(published: true).load`). If you want to get an array of records from a relation, you can call #to_a (e.g. `Post.where(published: true).to_a`). (called from update_scribblestreams at C:/Sites/chulabook/app/controllers/browse_controller.rb:28)
  [1m[36mScribble Load (0.0ms)[0m  [1mSELECT "scribbles".* FROM "scribbles" ORDER BY created_at DESC[0m
  Rendered browse/_scribbles.html.erb (0.0ms)
Completed 200 OK in 9ms (Views: 7.7ms | ActiveRecord: 0.0ms)
